<?xml version="1.0" encoding="UTF-8"?>
<!-- Generated by org.testng.reporters.JUnitXMLReporter -->
<testsuite hostname="Hp" name="Default test" tests="4" failures="0" timestamp="21 Jan 2021 07:51:09 GMT" time="102.361" errors="0">
  <testcase name="loginByInvalidPassSS3" time="4.31" classname="com.mygithublab.LoginTest"/>
  <testcase name="loginByInvalidUserPassSS4" time="1.418" classname="com.mygithublab.LoginTest"/>
  <testcase name="loginByInvalidUserSS2" time="5.488" classname="com.mygithublab.LoginTest"/>
  <testcase name="loginByValidUserSS1" time="5.239" classname="com.mygithublab.LoginTest"/>
</testsuite> <!-- Default test -->
