<?xml version="1.0" encoding="UTF-8"?>
<!-- Generated by org.testng.reporters.JUnitXMLReporter -->
<testsuite hostname="Hp" name="Test" tests="5" failures="0" timestamp="21 Jan 2021 15:51:20 GMT" time="73.201" errors="0">
  <testcase name="loginByInvalidPassSS3" time="1.091" classname="com.mygithublab.LoginTest"/>
  <testcase name="loginByInvalidUserPassSS4" time="1.404" classname="com.mygithublab.LoginTest"/>
  <testcase name="loginByInvalidUserSS2" time="2.298" classname="com.mygithublab.LoginTest"/>
  <testcase name="loginByValidUserSS1" time="6.661" classname="com.mygithublab.LoginTest"/>
  <testcase name="loginByValidUserDemo" time="5.284" classname="com.mygithublab.DemoLoginTest"/>
</testsuite> <!-- Test -->
