<?xml version="1.0" encoding="UTF-8"?>
<!-- Generated by org.testng.reporters.JUnitXMLReporter -->
<testsuite hostname="Hp" name="Test" tests="5" failures="0" timestamp="21 Jan 2021 07:53:39 GMT" time="80.157" errors="0">
  <testcase name="loginByInvalidPassSS3" time="1.458" classname="com.mygithublab.LoginTest"/>
  <testcase name="loginByInvalidUserPassSS4" time="1.499" classname="com.mygithublab.LoginTest"/>
  <testcase name="loginByInvalidUserSS2" time="1.888" classname="com.mygithublab.LoginTest"/>
  <testcase name="loginByValidUserSS1" time="5.657" classname="com.mygithublab.LoginTest"/>
  <testcase name="loginByValidUserDemo" time="5.203" classname="com.mygithublab.DemoLoginTest"/>
</testsuite> <!-- Test -->
